Change 1
Change 0.99
Change -0.01
Change 0.01
Change -0.01
Change 0.01
Change -0.01
Change 0.01
Change -0.01
Change 0.01
Change -0.01
Change 0.01
Change -0.01
Change 0.01
Change -0.01
Change 0.01
Change -0.01
Change 0.01
Change -0.01
Change 0.01
Change -0.01
Change 0.01
Change 0.98
Change -0.01
Change 0.01
Change -0.01
Change 0.01
Change -0.01
Change 0.01
Change 0.97
Change 0.96
Change 0.01
Change -0.01
Change -0.02
Change 0.02
Change -0.02
Change 0.02
Change -0.02
Change 0.02
Change -0.01
Change 0.01
Change -0.01
Change 0.01
Change -0.02
Change 0.02
Change 0.01
Change -0.01
Change -0.04
Change 0.04
Change 0.95
Change -0.05
Change 0.05
Change -0.95
Change -0.96
Change -0.97
Change -0.98
Change -0.99
Change -1
